#
# There is insufficient memory for the Java Runtime Environment to continue.
# Native memory allocation (malloc) failed to allocate 526096 bytes for Chunk::new
# Possible reasons:
#   The system is out of physical RAM or swap space
#   In 32 bit mode, the process size limit was hit
# Possible solutions:
#   Reduce memory load on the system
#   Increase physical memory or swap space
#   Check if swap backing store is full
#   Use 64 bit Java on a 64 bit OS
#   Decrease Java heap size (-Xmx/-Xms)
#   Decrease number of Java threads
#   Decrease Java thread stack sizes (-Xss)
#   Set larger code cache with -XX:ReservedCodeCacheSize=
# This output file may be truncated or incomplete.
#
#  Out of Memory Error (allocation.cpp:390), pid=10004, tid=0x0000000000001670
#
# JRE version: Java(TM) SE Runtime Environment (8.0_131-b11) (build 1.8.0_131-b11)
# Java VM: Java HotSpot(TM) 64-Bit Server VM (25.131-b11 mixed mode windows-amd64 compressed oops)
# Failed to write core dump. Minidumps are not enabled by default on client versions of Windows
#

---------------  T H R E A D  ---------------

Current thread (0x000000001774b800):  JavaThread "C2 CompilerThread0" daemon [_thread_in_native, id=5744, stack(0x0000000018770000,0x0000000018870000)]

Stack: [0x0000000018770000,0x0000000018870000]
[error occurred during error reporting (printing stack bounds), id 0xc0000005]

Native frames: (J=compiled Java code, j=interpreted, Vv=VM code, C=native code)


Current CompileTask:
C2:  22144 1478 % !   4       sun.net.www.ParseUtil::decode @ 69 (316 bytes)


---------------  P R O C E S S  ---------------

Java Threads: ( => current thread )
  0x00000000177a9000 JavaThread "Service Thread" daemon [_thread_blocked, id=17692, stack(0x0000000018970000,0x0000000018a70000)]
  0x00000000177a5000 JavaThread "C1 CompilerThread1" daemon [_thread_blocked, id=16568, stack(0x0000000018870000,0x0000000018970000)]
=>0x000000001774b800 JavaThread "C2 CompilerThread0" daemon [_thread_in_native, id=5744, stack(0x0000000018770000,0x0000000018870000)]
  0x000000001774a800 JavaThread "Attach Listener" daemon [_thread_blocked, id=15032, stack(0x0000000018670000,0x0000000018770000)]
  0x0000000017747000 JavaThread "Signal Dispatcher" daemon [_thread_blocked, id=10872, stack(0x0000000018570000,0x0000000018670000)]
  0x0000000017728000 JavaThread "Finalizer" daemon [_thread_blocked, id=16412, stack(0x0000000018370000,0x0000000018470000)]
  0x0000000002d55800 JavaThread "Reference Handler" daemon [_thread_blocked, id=12092, stack(0x0000000018270000,0x0000000018370000)]
  0x0000000002c68000 JavaThread "main" [_thread_in_native, id=18384, stack(0x00000000029d0000,0x0000000002ad0000)]

Other Threads:
  0x0000000017707000 VMThread [stack: 0x0000000018170000,0x0000000018270000] [id=12140]
  0x0000000018aa8800 WatcherThread [stack: 0x0000000018e70000,0x0000000018f70000] [id=9248]

VM state:not at safepoint (normal execution)

VM Mutex/Monitor currently owned by a thread: None

Heap:
 PSYoungGen      total 143360K, used 44356K [0x00000000d5580000, 0x00000000e1480000, 0x0000000100000000)
  eden space 112128K, 31% used [0x00000000d5580000,0x00000000d77d9a50,0x00000000dc300000)
  from space 31232K, 29% used [0x00000000dc300000,0x00000000dcbf7908,0x00000000de180000)
  to   space 10240K, 0% used [0x00000000de180000,0x00000000de180000,0x00000000deb80000)
 ParOldGen       total 87552K, used 87148K [0x0000000080000000, 0x0000000085580000, 0x00000000d5580000)
  object space 87552K, 99% used [0x0000000080000000,0x000000008551b3b0,0x0000000085580000)
 Metaspace       used 17048K, capacity 17224K, committed 17536K, reserved 1064960K
  class space    used 2286K, capacity 2374K, committed 2432K, reserved 1048576K

Card table byte_map: [0x0000000012120000,0x0000000012530000] byte_map_base: 0x0000000011d20000

Marking Bits: (ParMarkBitMap*) 0x000000006bf2c720
 Begin Bits: [0x00000000129e0000, 0x00000000149e0000)
 End Bits:   [0x00000000149e0000, 0x00000000169e0000)

Polling page: 0x0000000002980000

CodeCache: size=245760Kb used=5941Kb max_used=5950Kb free=239818Kb
 bounds [0x0000000002d60000, 0x0000000003340000, 0x0000000011d60000]
 total_blobs=1905 nmethods=1478 adapters=339
 compilation: enabled

Compilation events (10 events):
Event: 22.028 Thread 0x00000000177a5000 nmethod 1476 0x000000000332de50 code [0x000000000332dfc0, 0x000000000332e368]
Event: 22.029 Thread 0x000000001774b800 1477       4       sun.util.calendar.ZoneInfo::getOffsets (276 bytes)
Event: 22.035 Thread 0x000000001774b800 nmethod 1477 0x0000000003331610 code [0x0000000003331760, 0x0000000003331cf8]
Event: 22.040 Thread 0x000000001774b800 1478 % !   4       sun.net.www.ParseUtil::decode @ 69 (316 bytes)
Event: 22.044 Thread 0x00000000177a5000 1479       3       java.lang.Character::codePointAtImpl (41 bytes)
Event: 22.044 Thread 0x00000000177a5000 nmethod 1479 0x0000000003330e10 code [0x0000000003330fa0, 0x0000000003331430]
Event: 22.047 Thread 0x00000000177a5000 1480       3       org.apache.xerces.util.XMLChar::isName (23 bytes)
Event: 22.048 Thread 0x00000000177a5000 nmethod 1480 0x00000000033309d0 code [0x0000000003330b40, 0x0000000003330d30]
Event: 22.048 Thread 0x00000000177a5000 1481       3       org.apache.xerces.dom.NodeImpl::needsSyncData (15 bytes)
Event: 22.048 Thread 0x00000000177a5000 nmethod 1481 0x0000000003330650 code [0x00000000033307a0, 0x0000000003330950]

GC Heap History (10 events):
Event: 6.295 GC heap before
{Heap before GC invocations=4 (full 0):
 PSYoungGen      total 38400K, used 37767K [0x00000000d5580000, 0x00000000da080000, 0x0000000100000000)
  eden space 33280K, 100% used [0x00000000d5580000,0x00000000d7600000,0x00000000d7600000)
  from space 5120K, 87% used [0x00000000d7600000,0x00000000d7a61f18,0x00000000d7b00000)
  to   space 5120K, 0% used [0x00000000d9b80000,0x00000000d9b80000,0x00000000da080000)
 ParOldGen       total 87552K, used 5280K [0x0000000080000000, 0x0000000085580000, 0x00000000d5580000)
  object space 87552K, 6% used [0x0000000080000000,0x0000000080528228,0x0000000085580000)
 Metaspace       used 14013K, capacity 14198K, committed 14592K, reserved 1062912K
  class space    used 1892K, capacity 1985K, committed 2048K, reserved 1048576K
Event: 6.310 GC heap after
Heap after GC invocations=4 (full 0):
 PSYoungGen      total 71680K, used 4311K [0x00000000d5580000, 0x00000000da080000, 0x0000000100000000)
  eden space 66560K, 0% used [0x00000000d5580000,0x00000000d5580000,0x00000000d9680000)
  from space 5120K, 84% used [0x00000000d9b80000,0x00000000d9fb5f08,0x00000000da080000)
  to   space 5120K, 0% used [0x00000000d9680000,0x00000000d9680000,0x00000000d9b80000)
 ParOldGen       total 87552K, used 5288K [0x0000000080000000, 0x0000000085580000, 0x00000000d5580000)
  object space 87552K, 6% used [0x0000000080000000,0x000000008052a228,0x0000000085580000)
 Metaspace       used 14013K, capacity 14198K, committed 14592K, reserved 1062912K
  class space    used 1892K, capacity 1985K, committed 2048K, reserved 1048576K
}
Event: 7.336 GC heap before
{Heap before GC invocations=5 (full 0):
 PSYoungGen      total 71680K, used 70871K [0x00000000d5580000, 0x00000000da080000, 0x0000000100000000)
  eden space 66560K, 100% used [0x00000000d5580000,0x00000000d9680000,0x00000000d9680000)
  from space 5120K, 84% used [0x00000000d9b80000,0x00000000d9fb5f08,0x00000000da080000)
  to   space 5120K, 0% used [0x00000000d9680000,0x00000000d9680000,0x00000000d9b80000)
 ParOldGen       total 87552K, used 5288K [0x0000000080000000, 0x0000000085580000, 0x00000000d5580000)
  object space 87552K, 6% used [0x0000000080000000,0x000000008052a228,0x0000000085580000)
 Metaspace       used 16642K, capacity 16872K, committed 17280K, reserved 1064960K
  class space    used 2253K, capacity 2342K, committed 2432K, reserved 1048576K
Event: 7.361 GC heap after
Heap after GC invocations=5 (full 0):
 PSYoungGen      total 71680K, used 5116K [0x00000000d5580000, 0x00000000deb80000, 0x0000000100000000)
  eden space 66560K, 0% used [0x00000000d5580000,0x00000000d5580000,0x00000000d9680000)
  from space 5120K, 99% used [0x00000000d9680000,0x00000000d9b7f008,0x00000000d9b80000)
  to   space 10240K, 0% used [0x00000000de180000,0x00000000de180000,0x00000000deb80000)
 ParOldGen       total 87552K, used 8632K [0x0000000080000000, 0x0000000085580000, 0x00000000d5580000)
  object space 87552K, 9% used [0x0000000080000000,0x000000008086e378,0x0000000085580000)
 Metaspace       used 16642K, capacity 16872K, committed 17280K, reserved 1064960K
  class space    used 2253K, capacity 2342K, committed 2432K, reserved 1048576K
}
Event: 7.836 GC heap before
{Heap before GC invocations=6 (full 0):
 PSYoungGen      total 71680K, used 71676K [0x00000000d5580000, 0x00000000deb80000, 0x0000000100000000)
  eden space 66560K, 100% used [0x00000000d5580000,0x00000000d9680000,0x00000000d9680000)
  from space 5120K, 99% used [0x00000000d9680000,0x00000000d9b7f008,0x00000000d9b80000)
  to   space 10240K, 0% used [0x00000000de180000,0x00000000de180000,0x00000000deb80000)
 ParOldGen       total 87552K, used 8632K [0x0000000080000000, 0x0000000085580000, 0x00000000d5580000)
  object space 87552K, 9% used [0x0000000080000000,0x000000008086e378,0x0000000085580000)
 Metaspace       used 16673K, capacity 16872K, committed 17280K, reserved 1064960K
  class space    used 2261K, capacity 2342K, committed 2432K, reserved 1048576K
Event: 7.952 GC heap after
Heap after GC invocations=6 (full 0):
 PSYoungGen      total 122368K, used 10220K [0x00000000d5580000, 0x00000000e1480000, 0x0000000100000000)
  eden space 112128K, 0% used [0x00000000d5580000,0x00000000d5580000,0x00000000dc300000)
  from space 10240K, 99% used [0x00000000de180000,0x00000000deb7b018,0x00000000deb80000)
  to   space 31232K, 0% used [0x00000000dc300000,0x00000000dc300000,0x00000000de180000)
 ParOldGen       total 87552K, used 43176K [0x0000000080000000, 0x0000000085580000, 0x00000000d5580000)
  object space 87552K, 49% used [0x0000000080000000,0x0000000082a2a388,0x0000000085580000)
 Metaspace       used 16673K, capacity 16872K, committed 17280K, reserved 1064960K
  class space    used 2261K, capacity 2342K, committed 2432K, reserved 1048576K
}
Event: 8.228 GC heap before
{Heap before GC invocations=7 (full 0):
 PSYoungGen      total 122368K, used 91328K [0x00000000d5580000, 0x00000000e1480000, 0x0000000100000000)
  eden space 112128K, 72% used [0x00000000d5580000,0x00000000da4b5090,0x00000000dc300000)
  from space 10240K, 99% used [0x00000000de180000,0x00000000deb7b018,0x00000000deb80000)
  to   space 31232K, 0% used [0x00000000dc300000,0x00000000dc300000,0x00000000de180000)
 ParOldGen       total 87552K, used 43176K [0x0000000080000000, 0x0000000085580000, 0x00000000d5580000)
  object space 87552K, 49% used [0x0000000080000000,0x0000000082a2a388,0x0000000085580000)
 Metaspace       used 16689K, capacity 16904K, committed 17280K, reserved 1064960K
  class space    used 2264K, capacity 2374K, committed 2432K, reserved 1048576K
Event: 8.393 GC heap after
Heap after GC invocations=7 (full 0):
 PSYoungGen      total 143360K, used 31219K [0x00000000d5580000, 0x00000000e1480000, 0x0000000100000000)
  eden space 112128K, 0% used [0x00000000d5580000,0x00000000d5580000,0x00000000dc300000)
  from space 31232K, 99% used [0x00000000dc300000,0x00000000de17ccf8,0x00000000de180000)
  to   space 10240K, 0% used [0x00000000de180000,0x00000000de180000,0x00000000deb80000)
 ParOldGen       total 87552K, used 72641K [0x0000000080000000, 0x0000000085580000, 0x00000000d5580000)
  object space 87552K, 82% used [0x0000000080000000,0x00000000846f0560,0x0000000085580000)
 Metaspace       used 16689K, capacity 16904K, committed 17280K, reserved 1064960K
  class space    used 2264K, capacity 2374K, committed 2432K, reserved 1048576K
}
Event: 8.393 GC heap before
{Heap before GC invocations=8 (full 1):
 PSYoungGen      total 143360K, used 31219K [0x00000000d5580000, 0x00000000e1480000, 0x0000000100000000)
  eden space 112128K, 0% used [0x00000000d5580000,0x00000000d5580000,0x00000000dc300000)
  from space 31232K, 99% used [0x00000000dc300000,0x00000000de17ccf8,0x00000000de180000)
  to   space 10240K, 0% used [0x00000000de180000,0x00000000de180000,0x00000000deb80000)
 ParOldGen       total 87552K, used 72641K [0x0000000080000000, 0x0000000085580000, 0x00000000d5580000)
  object space 87552K, 82% used [0x0000000080000000,0x00000000846f0560,0x0000000085580000)
 Metaspace       used 16689K, capacity 16904K, committed 17280K, reserved 1064960K
  class space    used 2264K, capacity 2374K, committed 2432K, reserved 1048576K
Event: 9.233 GC heap after
Heap after GC invocations=8 (full 1):
 PSYoungGen      total 143360K, used 9182K [0x00000000d5580000, 0x00000000e1480000, 0x0000000100000000)
  eden space 112128K, 0% used [0x00000000d5580000,0x00000000d5580000,0x00000000dc300000)
  from space 31232K, 29% used [0x00000000dc300000,0x00000000dcbf7908,0x00000000de180000)
  to   space 10240K, 0% used [0x00000000de180000,0x00000000de180000,0x00000000deb80000)
 ParOldGen       total 87552K, used 87148K [0x0000000080000000, 0x0000000085580000, 0x00000000d5580000)
  object space 87552K, 99% used [0x0000000080000000,0x000000008551b3b0,0x0000000085580000)
 Metaspace       used 16689K, capacity 16904K, committed 17280K, reserved 1064960K
  class space    used 2264K, capacity 2374K, committed 2432K, reserved 1048576K
}

Deoptimization events (10 events):
Event: 9.540 Thread 0x0000000002c68000 Uncommon trap: reason=class_check action=maybe_recompile pc=0x00000000032ddd78 method=oracle.jdbc.driver.OraclePreparedStatement.setupBindBuffers(II)V @ 1581
Event: 9.540 Thread 0x0000000002c68000 Uncommon trap: reason=class_check action=maybe_recompile pc=0x00000000032ddd78 method=oracle.jdbc.driver.OraclePreparedStatement.setupBindBuffers(II)V @ 1581
Event: 9.921 Thread 0x0000000002c68000 Uncommon trap: reason=unstable_if action=reinterpret pc=0x00000000032e2920 method=oracle.jdbc.driver.T4C8Oall.marshalBinds([I)Ljava/util/Vector; @ 41
Event: 22.028 Thread 0x0000000002c68000 Uncommon trap: reason=unstable_if action=reinterpret pc=0x00000000032a9e5c method=java.util.GregorianCalendar.computeFields(II)I @ 12
Event: 22.028 Thread 0x0000000002c68000 Uncommon trap: reason=unstable_if action=reinterpret pc=0x000000000328b3e4 method=sun.util.calendar.BaseCalendar.getFixedDate(IIILsun/util/calendar/BaseCalendar$Date;)J @ 19
Event: 22.028 Thread 0x0000000002c68000 Uncommon trap: reason=unstable_if action=reinterpret pc=0x000000000327c810 method=java.util.Calendar.setTimeInMillis(J)V @ 13
Event: 22.028 Thread 0x0000000002c68000 Uncommon trap: reason=predicate action=maybe_recompile pc=0x00000000032a39bc method=sun.util.calendar.ZoneInfo.getTransitionIndex(JI)I @ 19
Event: 22.028 Thread 0x0000000002c68000 Uncommon trap: reason=unstable_if action=reinterpret pc=0x00000000032a72b8 method=java.lang.String.split(Ljava/lang/String;I)[Ljava/lang/String; @ 281
Event: 22.029 Thread 0x0000000002c68000 Uncommon trap: reason=array_check action=maybe_recompile pc=0x0000000003289854 method=java.util.AbstractCollection.toArray([Ljava/lang/Object;)[Ljava/lang/Object; @ 119
Event: 22.029 Thread 0x0000000002c68000 Uncommon trap: reason=predicate action=maybe_recompile pc=0x000000000328b7d8 method=sun.util.calendar.ZoneInfo.getTransitionIndex(JI)I @ 19

Internal exceptions (10 events):
Event: 0.989 Thread 0x0000000002c68000 Exception <a 'java/lang/ArrayIndexOutOfBoundsException'> (0x00000000d5ca17c8) thrown at [C:\re\workspace\8-2-build-windows-amd64-cygwin\jdk8u131\8869\hotspot\src\share\vm\runtime\sharedRuntime.cpp, line 605]
Event: 0.995 Thread 0x0000000002c68000 Exception <a 'java/lang/ArrayIndexOutOfBoundsException'> (0x00000000d5cc8080) thrown at [C:\re\workspace\8-2-build-windows-amd64-cygwin\jdk8u131\8869\hotspot\src\share\vm\runtime\sharedRuntime.cpp, line 605]
Event: 0.995 Thread 0x0000000002c68000 Exception <a 'java/lang/ArrayIndexOutOfBoundsException'> (0x00000000d5cc92e8) thrown at [C:\re\workspace\8-2-build-windows-amd64-cygwin\jdk8u131\8869\hotspot\src\share\vm\runtime\sharedRuntime.cpp, line 605]
Event: 0.996 Thread 0x0000000002c68000 Exception <a 'java/lang/ArrayIndexOutOfBoundsException'> (0x00000000d5ccac60) thrown at [C:\re\workspace\8-2-build-windows-amd64-cygwin\jdk8u131\8869\hotspot\src\share\vm\runtime\sharedRuntime.cpp, line 605]
Event: 1.005 Thread 0x0000000002c68000 Exception <a 'java/lang/ArrayIndexOutOfBoundsException'> (0x00000000d5cf0948) thrown at [C:\re\workspace\8-2-build-windows-amd64-cygwin\jdk8u131\8869\hotspot\src\share\vm\runtime\sharedRuntime.cpp, line 605]
Event: 1.016 Thread 0x0000000002c68000 Exception <a 'java/lang/ArrayIndexOutOfBoundsException'> (0x00000000d5d00200) thrown at [C:\re\workspace\8-2-build-windows-amd64-cygwin\jdk8u131\8869\hotspot\src\share\vm\runtime\sharedRuntime.cpp, line 605]
Event: 4.834 Thread 0x0000000002c68000 Exception <a 'java/lang/NoSuchFieldError': method resolution failed> (0x00000000d70da508) thrown at [C:\re\workspace\8-2-build-windows-amd64-cygwin\jdk8u131\8869\hotspot\src\share\vm\prims\methodHandles.cpp, line 1146]
Event: 4.840 Thread 0x0000000002c68000 Exception <a 'java/lang/NoSuchFieldError': method resolution failed> (0x00000000d70e7bc8) thrown at [C:\re\workspace\8-2-build-windows-amd64-cygwin\jdk8u131\8869\hotspot\src\share\vm\prims\methodHandles.cpp, line 1146]
Event: 22.028 Thread 0x0000000002c68000 Implicit null exception at 0x00000000032a9223 to 0x00000000032a9e39
Event: 22.028 Thread 0x0000000002c68000 Implicit null exception at 0x000000000328b35a to 0x000000000328b3cd

Events (10 events):
Event: 22.036 loading class javax/xml/transform/Source
Event: 22.036 loading class javax/xml/transform/Source done
Event: 22.038 loading class javax/xml/xpath/XPathExpressionException
Event: 22.038 loading class javax/xml/xpath/XPathException
Event: 22.039 loading class javax/xml/xpath/XPathException done
Event: 22.039 loading class javax/xml/xpath/XPathExpressionException done
Event: 22.049 loading class org/apache/xml/serialize/OutputFormat
Event: 22.049 loading class org/apache/xml/serialize/OutputFormat done
Event: 22.062 loading class org/apache/xml/serialize/XMLSerializer
Event: 22.062 loading class org/apache/xml/serialize/XMLSerializer done


Dynamic libraries:
0x00007ff6a9410000 - 0x00007ff6a9447000 	C:\Program Files\Java\jre1.8.0_131\bin\javaw.exe
0x00007ff9dfde0000 - 0x00007ff9dffd0000 	C:\WINDOWS\SYSTEM32\ntdll.dll
0x00007ff9dfb40000 - 0x00007ff9dfbf2000 	C:\WINDOWS\System32\KERNEL32.DLL
0x00007ff9df890000 - 0x00007ff9dfb34000 	C:\WINDOWS\System32\KERNELBASE.dll
0x00007ff9ddba0000 - 0x00007ff9ddc43000 	C:\WINDOWS\System32\ADVAPI32.dll
0x00007ff9df610000 - 0x00007ff9df6ae000 	C:\WINDOWS\System32\msvcrt.dll
0x00007ff9def30000 - 0x00007ff9defc7000 	C:\WINDOWS\System32\sechost.dll
0x00007ff9df770000 - 0x00007ff9df890000 	C:\WINDOWS\System32\RPCRT4.dll
0x00007ff9dfc00000 - 0x00007ff9dfd94000 	C:\WINDOWS\System32\USER32.dll
0x00007ff9dcd20000 - 0x00007ff9dcd41000 	C:\WINDOWS\System32\win32u.dll
0x00007ff9de150000 - 0x00007ff9de176000 	C:\WINDOWS\System32\GDI32.dll
0x00007ff9dd0f0000 - 0x00007ff9dd286000 	C:\WINDOWS\System32\gdi32full.dll
0x00007ff9dd050000 - 0x00007ff9dd0ee000 	C:\WINDOWS\System32\msvcp_win.dll
0x00007ff9dda20000 - 0x00007ff9ddb1a000 	C:\WINDOWS\System32\ucrtbase.dll
0x00007ff9daf80000 - 0x00007ff9db204000 	C:\WINDOWS\WinSxS\amd64_microsoft.windows.common-controls_6595b64144ccf1df_6.0.18362.959_none_e6c7bbbf130c62bb\COMCTL32.dll
0x00007ff9ddd00000 - 0x00007ff9de035000 	C:\WINDOWS\System32\combase.dll
0x00007ff9ddb20000 - 0x00007ff9ddba0000 	C:\WINDOWS\System32\bcryptPrimitives.dll
0x00007ff9df110000 - 0x00007ff9df13e000 	C:\WINDOWS\System32\IMM32.DLL
0x00007ff9dcb70000 - 0x00007ff9dcba8000 	C:\Program Files\Citrix\System32\MfApHook64.dll
0x00007ff9dca40000 - 0x00007ff9dca52000 	C:\Program Files\Citrix\IcaService\FullScreenHook64.dll
0x00007ff9dc970000 - 0x00007ff9dca09000 	C:\WINDOWS\SYSTEM32\MSVCP140.dll
0x00007ff9dca10000 - 0x00007ff9dca27000 	C:\WINDOWS\SYSTEM32\VCRUNTIME140.dll
0x00007ff9dc400000 - 0x00007ff9dc42a000 	C:\Program Files\Citrix\ICAService\ShellHook64.dll
0x00007ff9de770000 - 0x00007ff9de7c2000 	C:\WINDOWS\System32\SHLWAPI.dll
0x00007ff9dc2d0000 - 0x00007ff9dc3da000 	C:\Program Files\Citrix\IcaService\SCardHook64.dll
0x00007ff9dbf00000 - 0x00007ff9dbf20000 	C:\Program Files\Citrix\ICAService\cxinjime64.dll
0x000000006bfb0000 - 0x000000006c082000 	C:\Program Files\Java\jre1.8.0_131\bin\msvcr100.dll
0x000000006b710000 - 0x000000006bfac000 	C:\Program Files\Java\jre1.8.0_131\bin\server\jvm.dll
0x00007ff9df720000 - 0x00007ff9df728000 	C:\WINDOWS\System32\PSAPI.DLL
0x00007ff9ceeb0000 - 0x00007ff9ceeb9000 	C:\WINDOWS\SYSTEM32\WSOCK32.dll
0x00007ff9df6b0000 - 0x00007ff9df71f000 	C:\WINDOWS\System32\WS2_32.dll
0x00007ff9d5270000 - 0x00007ff9d5294000 	C:\WINDOWS\SYSTEM32\WINMM.dll
0x00007ff9dca30000 - 0x00007ff9dca3a000 	C:\WINDOWS\SYSTEM32\VERSION.dll
0x00007ff9d4a40000 - 0x00007ff9d4a6d000 	C:\WINDOWS\SYSTEM32\WINMMBASE.dll
0x00007ff9dcdd0000 - 0x00007ff9dce1a000 	C:\WINDOWS\System32\cfgmgr32.dll
0x000000006b700000 - 0x000000006b70f000 	C:\Program Files\Java\jre1.8.0_131\bin\verify.dll
0x000000006b6d0000 - 0x000000006b6f9000 	C:\Program Files\Java\jre1.8.0_131\bin\java.dll
0x000000006b6b0000 - 0x000000006b6c6000 	C:\Program Files\Java\jre1.8.0_131\bin\zip.dll
0x00007ff9de7d0000 - 0x00007ff9deeb6000 	C:\WINDOWS\System32\SHELL32.dll
0x00007ff9de6c0000 - 0x00007ff9de769000 	C:\WINDOWS\System32\shcore.dll
0x00007ff9dd290000 - 0x00007ff9dda12000 	C:\WINDOWS\System32\windows.storage.dll
0x00007ff9dcca0000 - 0x00007ff9dccc3000 	C:\WINDOWS\System32\profapi.dll
0x00007ff9dccd0000 - 0x00007ff9dcd1a000 	C:\WINDOWS\System32\powrprof.dll
0x00007ff9dcc50000 - 0x00007ff9dcc60000 	C:\WINDOWS\System32\UMPDC.dll
0x00007ff9dcc80000 - 0x00007ff9dcc91000 	C:\WINDOWS\System32\kernel.appcore.dll
0x00007ff9dcdb0000 - 0x00007ff9dcdc7000 	C:\WINDOWS\System32\cryptsp.dll
0x000000006b630000 - 0x000000006b63d000 	C:\Program Files\Java\jre1.8.0_131\bin\management.dll
0x000000006b690000 - 0x000000006b6aa000 	C:\Program Files\Java\jre1.8.0_131\bin\net.dll
0x00007ff9dbba0000 - 0x00007ff9dbc07000 	C:\WINDOWS\system32\mswsock.dll
0x000000006b670000 - 0x000000006b681000 	C:\Program Files\Java\jre1.8.0_131\bin\nio.dll
0x00007ff9db900000 - 0x00007ff9db9cb000 	C:\WINDOWS\SYSTEM32\DNSAPI.dll
0x00007ff9de140000 - 0x00007ff9de148000 	C:\WINDOWS\System32\NSI.dll
0x00007ff9db8b0000 - 0x00007ff9db8ea000 	C:\WINDOWS\SYSTEM32\IPHLPAPI.DLL
0x00007ff9d3820000 - 0x00007ff9d382a000 	C:\Windows\System32\rasadhlp.dll
0x00007ff9d7b70000 - 0x00007ff9d7be7000 	C:\WINDOWS\System32\fwpuclnt.dll
0x00007ff9dd020000 - 0x00007ff9dd046000 	C:\WINDOWS\System32\bcrypt.dll
0x00007ff9c7ab0000 - 0x00007ff9c7ac6000 	C:\WINDOWS\system32\napinsp.dll
0x00007ff9c7a90000 - 0x00007ff9c7aaa000 	C:\WINDOWS\system32\pnrpnsp.dll
0x00007ff9c7a80000 - 0x00007ff9c7a8e000 	C:\WINDOWS\System32\winrnr.dll
0x00007ff9d61a0000 - 0x00007ff9d61bc000 	C:\WINDOWS\system32\NLAapi.dll
0x00007ff9c7a60000 - 0x00007ff9c7a75000 	C:\WINDOWS\system32\wshbth.dll
0x000000006b640000 - 0x000000006b664000 	C:\Program Files\Java\jre1.8.0_131\bin\sunec.dll
0x00007ff9d7700000 - 0x00007ff9d7716000 	C:\WINDOWS\SYSTEM32\dhcpcsvc6.DLL
0x00007ff9d7680000 - 0x00007ff9d769c000 	C:\WINDOWS\SYSTEM32\dhcpcsvc.DLL
0x00007ff9db710000 - 0x00007ff9db743000 	C:\WINDOWS\system32\rsaenh.dll
0x00007ff9dca90000 - 0x00007ff9dcab5000 	C:\WINDOWS\SYSTEM32\USERENV.dll
0x00007ff9dbd70000 - 0x00007ff9dbd7c000 	C:\WINDOWS\SYSTEM32\CRYPTBASE.dll

VM Arguments:
jvm_args: -Dfile.encoding=Cp1252 
java_command: DCShipConfirm
java_class_path (initial): C:\Users\SMaiti\Downloads\DCShipconfirm\DC_ShipConfirm\bin;C:\Users\SMaiti\OneDrive - Williams-Sonoma Inc\Desktop\DC_ShipConfirm_New\poi-bin-3.17-20170915.tar\poi-bin-3.17-20170915\poi-3.17\poi-3.17.jar;C:\Users\SMaiti\OneDrive - Williams-Sonoma Inc\Desktop\DC_ShipConfirm_New\poi-bin-3.17-20170915.tar\poi-bin-3.17-20170915\poi-3.17\poi-examples-3.17.jar;C:\Users\SMaiti\OneDrive - Williams-Sonoma Inc\Desktop\DC_ShipConfirm_New\poi-bin-3.17-20170915.tar\poi-bin-3.17-20170915\poi-3.17\poi-excelant-3.17.jar;C:\Users\SMaiti\OneDrive - Williams-Sonoma Inc\Desktop\DC_ShipConfirm_New\poi-bin-3.17-20170915.tar\poi-bin-3.17-20170915\poi-3.17\poi-ooxml-3.17.jar;C:\Users\SMaiti\OneDrive - Williams-Sonoma Inc\Desktop\DC_ShipConfirm_New\poi-bin-3.17-20170915.tar\poi-bin-3.17-20170915\poi-3.17\poi-ooxml-schemas-3.17.jar;C:\Users\SMaiti\OneDrive - Williams-Sonoma Inc\Desktop\DC_ShipConfirm_New\poi-bin-3.17-20170915.tar\poi-bin-3.17-20170915\poi-3.17\poi-scratchpad-3.17.jar;C:\Users\SMaiti\OneDrive - Williams-Sonoma Inc\Desktop\DC_ShipConfirm_New\poi-bin-3.17-20170915.tar\poi-bin-3.17-20170915\poi-3.17\xmlbeans-2.4.0.jar;C:\Users\SMaiti\OneDrive - Williams-Sonoma Inc\Desktop\DC_ShipConfirm_New\poi-bin-3.17-20170915.tar\poi-bin-3.17-20170915\poi-3.17\ooxml-lib\curvesapi-1.04.jar;C:\Users\SMaiti\OneDrive - Williams-Sonoma Inc\Desktop\DC_ShipConfirm_New\poi-bin-3.17-20170915.tar\poi-bin-3.17-20170915\poi-3.17\ooxml-lib\xmlbeans-2.6.0.jar;C:\Users\SMaiti\Downloads\Required JAR (1)\Required JAR\Jars\ant.jar;C:\Users\SMaiti\Downloads\Required JAR (1)\Required JAR\Jars\antinstaller.jar;C:\Users\SMaiti\Downloads\Required JAR (1)\Required JAR\Jars\ant-junit.jar;C:\Users\SMaiti\Downloads\Required JAR (1)\Required JAR\Jars\ant-launcher.jar;C:\Users\SMaiti\Downloads\Required JAR (1)\Required JAR\Jars\ant-nodeps.jar;C:\Users\SMaiti\Downloads\Required JAR (1)\Required JAR\Jars\appcommon_ui.jar;C:\Users\SMaiti\Downloads\Required JAR (1)\Required JAR\Jars\avalon-framewo
Launcher Type: SUN_STANDARD

Environment Variables:
JAVA_HOME=C:\Program Files (x86)\Java\jre1.8.0_161\bin
CLASSPATH=C:\tibco513\tibrv\8.4\lib\tibrvnative.jar;C:\Program Files\Teradata\Client\16.20\bin\;C:\Program Files\Teradata\Client\16.20\bin\jmsam.jar;C:\Program Files (x86)\Teradata\Client\16.20\bin\;C:\Program Files (x86)\Teradata\Client\16.20\bin\jmsam.jar
USERNAME=SMaiti
LD_LIBRARY_PATH=C:\Oracle\Middleware\Oracle_FRHome1\lib
OS=Windows_NT
PROCESSOR_IDENTIFIER=Intel64 Family 6 Model 85 Stepping 4, GenuineIntel



---------------  S Y S T E M  ---------------

OS: Windows 10.0 , 64 bit Build 18362 (10.0.18362.959)

CPU:total 2 (initial active 2) (1 cores per cpu, 1 threads per core) family 6 model 85 stepping 4, cmov, cx8, fxsr, mmx, sse, sse2, sse3, ssse3, sse4.1, sse4.2, popcnt, avx, avx2, aes, clmul, erms, rtm, 3dnowpref, lzcnt, tsc, tscinvbit, bmi1, bmi2, adx

Memory: 4k page, physical 8388040k(316556k free), swap 10485192k(4776k free)

vm_info: Java HotSpot(TM) 64-Bit Server VM (25.131-b11) for windows-amd64 JRE (1.8.0_131-b11), built on Mar 15 2017 01:23:53 by "java_re" with MS VC++ 10.0 (VS2010)

time: Tue Mar 02 18:52:40 2021
elapsed time: 22 seconds (0d 0h 0m 22s)

