#
# There is insufficient memory for the Java Runtime Environment to continue.
# Native memory allocation (malloc) failed to allocate 32744 bytes for ChunkPool::allocate
# Possible reasons:
#   The system is out of physical RAM or swap space
#   In 32 bit mode, the process size limit was hit
# Possible solutions:
#   Reduce memory load on the system
#   Increase physical memory or swap space
#   Check if swap backing store is full
#   Use 64 bit Java on a 64 bit OS
#   Decrease Java heap size (-Xmx/-Xms)
#   Decrease number of Java threads
#   Decrease Java thread stack sizes (-Xss)
#   Set larger code cache with -XX:ReservedCodeCacheSize=
# This output file may be truncated or incomplete.
#
#  Out of Memory Error (allocation.cpp:273), pid=14692, tid=0x0000000000003570
#
# JRE version: Java(TM) SE Runtime Environment (8.0_131-b11) (build 1.8.0_131-b11)
# Java VM: Java HotSpot(TM) 64-Bit Server VM (25.131-b11 mixed mode windows-amd64 compressed oops)
# Failed to write core dump. Minidumps are not enabled by default on client versions of Windows
#

---------------  T H R E A D  ---------------

Current thread (0x0000000017731000):  JavaThread "C1 CompilerThread1" daemon [_thread_in_native, id=13680, stack(0x0000000018800000,0x0000000018900000)]

Stack: [0x0000000018800000,0x0000000018900000]
[error occurred during error reporting (printing stack bounds), id 0xc0000005]

Native frames: (J=compiled Java code, j=interpreted, Vv=VM code, C=native code)


Current CompileTask:
C1:  37061 1489   !   3       java.util.WeakHashMap::expungeStaleEntries (139 bytes)


---------------  P R O C E S S  ---------------

Java Threads: ( => current thread )
  0x000000001a3b0800 JavaThread "Keep-Alive-Timer" daemon [_thread_blocked, id=6236, stack(0x000000001c4e0000,0x000000001c5e0000)]
  0x0000000017734800 JavaThread "Service Thread" daemon [_thread_blocked, id=9628, stack(0x0000000018900000,0x0000000018a00000)]
=>0x0000000017731000 JavaThread "C1 CompilerThread1" daemon [_thread_in_native, id=13680, stack(0x0000000018800000,0x0000000018900000)]
  0x00000000176d7000 JavaThread "C2 CompilerThread0" daemon [_thread_blocked, id=6960, stack(0x0000000018700000,0x0000000018800000)]
  0x00000000176d5800 JavaThread "Attach Listener" daemon [_thread_blocked, id=14932, stack(0x0000000018600000,0x0000000018700000)]
  0x00000000176d4800 JavaThread "Signal Dispatcher" daemon [_thread_blocked, id=10296, stack(0x0000000018500000,0x0000000018600000)]
  0x00000000176b8000 JavaThread "Finalizer" daemon [_thread_blocked, id=1352, stack(0x0000000018300000,0x0000000018400000)]
  0x0000000002ce5800 JavaThread "Reference Handler" daemon [_thread_blocked, id=9860, stack(0x0000000018200000,0x0000000018300000)]
  0x0000000002bf8000 JavaThread "main" [_thread_in_native, id=14508, stack(0x0000000002aa0000,0x0000000002ba0000)]

Other Threads:
  0x0000000017697000 VMThread [stack: 0x0000000018100000,0x0000000018200000] [id=13712]
  0x000000001776d800 WatcherThread [stack: 0x0000000018e00000,0x0000000018f00000] [id=7284]

VM state:not at safepoint (normal execution)

VM Mutex/Monitor currently owned by a thread: None

Heap:
 PSYoungGen      total 305664K, used 156458K [0x00000000d5580000, 0x00000000faa80000, 0x0000000100000000)
  eden space 262144K, 43% used [0x00000000d5580000,0x00000000dc3cb5f0,0x00000000e5580000)
  from space 43520K, 99% used [0x00000000e5580000,0x00000000e7fff490,0x00000000e8000000)
  to   space 43520K, 0% used [0x00000000f8000000,0x00000000f8000000,0x00000000faa80000)
 ParOldGen       total 699392K, used 7592K [0x0000000080000000, 0x00000000aab00000, 0x00000000d5580000)
  object space 699392K, 1% used [0x0000000080000000,0x000000008076a3a8,0x00000000aab00000)
 Metaspace       used 17428K, capacity 17608K, committed 17920K, reserved 1064960K
  class space    used 2344K, capacity 2438K, committed 2560K, reserved 1048576K

Card table byte_map: [0x00000000120b0000,0x00000000124c0000] byte_map_base: 0x0000000011cb0000

Marking Bits: (ParMarkBitMap*) 0x000000005535c720
 Begin Bits: [0x0000000012970000, 0x0000000014970000)
 End Bits:   [0x0000000014970000, 0x0000000016970000)

Polling page: 0x0000000001300000

CodeCache: size=245760Kb used=5996Kb max_used=6002Kb free=239763Kb
 bounds [0x0000000002cf0000, 0x00000000032e0000, 0x0000000011cf0000]
 total_blobs=1917 nmethods=1486 adapters=343
 compilation: enabled

Compilation events (10 events):
Event: 28.942 Thread 0x00000000176d7000 nmethod 1484 0x00000000032c4ad0 code [0x00000000032c4c00, 0x00000000032c4c58]
Event: 28.942 Thread 0x0000000017731000 1485       1       java.lang.StringCoding::scale (7 bytes)
Event: 28.942 Thread 0x0000000017731000 nmethod 1485 0x00000000032c4810 code [0x00000000032c4960, 0x00000000032c4a70]
Event: 28.942 Thread 0x0000000017731000 1486       3       java.lang.Character::isLetter (5 bytes)
Event: 28.942 Thread 0x0000000017731000 nmethod 1486 0x00000000032c6510 code [0x00000000032c66a0, 0x00000000032c69f8]
Event: 28.942 Thread 0x0000000017731000 1487       3       java.lang.Character::isLetter (18 bytes)
Event: 28.942 Thread 0x0000000017731000 nmethod 1487 0x00000000032c5f50 code [0x00000000032c60e0, 0x00000000032c63d8]
Event: 37.028 Thread 0x0000000017731000 1488       1       java.lang.Boolean::booleanValue (5 bytes)
Event: 37.029 Thread 0x0000000017731000 nmethod 1488 0x00000000032c5c90 code [0x00000000032c5de0, 0x00000000032c5ef0]
Event: 37.049 Thread 0x0000000017731000 1489   !   3       java.util.WeakHashMap::expungeStaleEntries (139 bytes)

GC Heap History (2 events):
Event: 7.584 GC heap before
{Heap before GC invocations=1 (full 0):
 PSYoungGen      total 305664K, used 262144K [0x00000000d5580000, 0x00000000eaa80000, 0x0000000100000000)
  eden space 262144K, 100% used [0x00000000d5580000,0x00000000e5580000,0x00000000e5580000)
  from space 43520K, 0% used [0x00000000e8000000,0x00000000e8000000,0x00000000eaa80000)
  to   space 43520K, 0% used [0x00000000e5580000,0x00000000e5580000,0x00000000e8000000)
 ParOldGen       total 699392K, used 0K [0x0000000080000000, 0x00000000aab00000, 0x00000000d5580000)
  object space 699392K, 0% used [0x0000000080000000,0x0000000080000000,0x00000000aab00000)
 Metaspace       used 16644K, capacity 16808K, committed 17280K, reserved 1064960K
  class space    used 2261K, capacity 2342K, committed 2432K, reserved 1048576K
Event: 7.675 GC heap after
Heap after GC invocations=1 (full 0):
 PSYoungGen      total 305664K, used 43517K [0x00000000d5580000, 0x00000000faa80000, 0x0000000100000000)
  eden space 262144K, 0% used [0x00000000d5580000,0x00000000d5580000,0x00000000e5580000)
  from space 43520K, 99% used [0x00000000e5580000,0x00000000e7fff490,0x00000000e8000000)
  to   space 43520K, 0% used [0x00000000f8000000,0x00000000f8000000,0x00000000faa80000)
 ParOldGen       total 699392K, used 7592K [0x0000000080000000, 0x00000000aab00000, 0x00000000d5580000)
  object space 699392K, 1% used [0x0000000080000000,0x000000008076a3a8,0x00000000aab00000)
 Metaspace       used 16644K, capacity 16808K, committed 17280K, reserved 1064960K
  class space    used 2261K, capacity 2342K, committed 2432K, reserved 1048576K
}

Deoptimization events (10 events):
Event: 8.759 Thread 0x0000000002bf8000 Uncommon trap: reason=class_check action=maybe_recompile pc=0x0000000003279838 method=oracle.jdbc.driver.OraclePreparedStatement.setupBindBuffers(II)V @ 1581
Event: 8.760 Thread 0x0000000002bf8000 Uncommon trap: reason=class_check action=maybe_recompile pc=0x0000000003279838 method=oracle.jdbc.driver.OraclePreparedStatement.setupBindBuffers(II)V @ 1581
Event: 8.760 Thread 0x0000000002bf8000 Uncommon trap: reason=class_check action=maybe_recompile pc=0x0000000003279838 method=oracle.jdbc.driver.OraclePreparedStatement.setupBindBuffers(II)V @ 1581
Event: 28.820 Thread 0x0000000002bf8000 Uncommon trap: reason=unstable_if action=reinterpret pc=0x0000000003227c5c method=java.util.GregorianCalendar.computeFields(II)I @ 12
Event: 28.820 Thread 0x0000000002bf8000 Uncommon trap: reason=unstable_if action=reinterpret pc=0x0000000003215b64 method=sun.util.calendar.BaseCalendar.getFixedDate(IIILsun/util/calendar/BaseCalendar$Date;)J @ 19
Event: 28.820 Thread 0x0000000002bf8000 Uncommon trap: reason=predicate action=maybe_recompile pc=0x000000000321603c method=sun.util.calendar.ZoneInfo.getTransitionIndex(JI)I @ 19
Event: 28.820 Thread 0x0000000002bf8000 Uncommon trap: reason=unstable_if action=reinterpret pc=0x00000000031fc9d0 method=java.util.Calendar.setTimeInMillis(J)V @ 13
Event: 28.820 Thread 0x0000000002bf8000 Uncommon trap: reason=unstable_if action=reinterpret pc=0x0000000003218f98 method=java.lang.String.split(Ljava/lang/String;I)[Ljava/lang/String; @ 281
Event: 28.824 Thread 0x0000000002bf8000 Uncommon trap: reason=predicate action=maybe_recompile pc=0x0000000003214598 method=sun.util.calendar.ZoneInfo.getTransitionIndex(JI)I @ 19
Event: 37.031 Thread 0x0000000002bf8000 Uncommon trap: reason=unstable_if action=reinterpret pc=0x0000000002fcc7a4 method=java.lang.CharacterDataLatin1.digit(II)I @ 60

Internal exceptions (10 events):
Event: 1.562 Thread 0x0000000002bf8000 Exception <a 'java/lang/ArrayIndexOutOfBoundsException'> (0x00000000d6119010) thrown at [C:\re\workspace\8-2-build-windows-amd64-cygwin\jdk8u131\8869\hotspot\src\share\vm\runtime\sharedRuntime.cpp, line 605]
Event: 1.583 Thread 0x0000000002bf8000 Exception <a 'java/lang/ArrayIndexOutOfBoundsException'> (0x00000000d613f2f0) thrown at [C:\re\workspace\8-2-build-windows-amd64-cygwin\jdk8u131\8869\hotspot\src\share\vm\runtime\sharedRuntime.cpp, line 605]
Event: 1.583 Thread 0x0000000002bf8000 Exception <a 'java/lang/ArrayIndexOutOfBoundsException'> (0x00000000d6140558) thrown at [C:\re\workspace\8-2-build-windows-amd64-cygwin\jdk8u131\8869\hotspot\src\share\vm\runtime\sharedRuntime.cpp, line 605]
Event: 1.585 Thread 0x0000000002bf8000 Exception <a 'java/lang/ArrayIndexOutOfBoundsException'> (0x00000000d6141e40) thrown at [C:\re\workspace\8-2-build-windows-amd64-cygwin\jdk8u131\8869\hotspot\src\share\vm\runtime\sharedRuntime.cpp, line 605]
Event: 1.594 Thread 0x0000000002bf8000 Exception <a 'java/lang/ArrayIndexOutOfBoundsException'> (0x00000000d6167f80) thrown at [C:\re\workspace\8-2-build-windows-amd64-cygwin\jdk8u131\8869\hotspot\src\share\vm\runtime\sharedRuntime.cpp, line 605]
Event: 1.612 Thread 0x0000000002bf8000 Exception <a 'java/lang/ArrayIndexOutOfBoundsException'> (0x00000000d6177838) thrown at [C:\re\workspace\8-2-build-windows-amd64-cygwin\jdk8u131\8869\hotspot\src\share\vm\runtime\sharedRuntime.cpp, line 605]
Event: 5.278 Thread 0x0000000002bf8000 Exception <a 'java/lang/NoSuchFieldError': method resolution failed> (0x00000000d7543730) thrown at [C:\re\workspace\8-2-build-windows-amd64-cygwin\jdk8u131\8869\hotspot\src\share\vm\prims\methodHandles.cpp, line 1146]
Event: 5.285 Thread 0x0000000002bf8000 Exception <a 'java/lang/NoSuchFieldError': method resolution failed> (0x00000000d7550df0) thrown at [C:\re\workspace\8-2-build-windows-amd64-cygwin\jdk8u131\8869\hotspot\src\share\vm\prims\methodHandles.cpp, line 1146]
Event: 28.820 Thread 0x0000000002bf8000 Implicit null exception at 0x0000000003227023 to 0x0000000003227c39
Event: 28.820 Thread 0x0000000002bf8000 Implicit null exception at 0x0000000003215ada to 0x0000000003215b4d

Events (10 events):
Event: 37.048 loading class org/apache/xerces/dom/DeferredEntityReferenceImpl
Event: 37.048 loading class org/apache/xerces/dom/DeferredEntityReferenceImpl done
Event: 37.049 loading class org/apache/xerces/dom/DeferredNotationImpl
Event: 37.049 loading class org/apache/xerces/dom/DeferredNotationImpl done
Event: 37.049 loading class org/apache/xerces/dom/NotationImpl
Event: 37.049 loading class org/apache/xerces/dom/NotationImpl done
Event: 37.052 loading class org/apache/xerces/dom/DeferredProcessingInstructionImpl
Event: 37.052 loading class org/apache/xerces/dom/DeferredProcessingInstructionImpl done
Event: 37.052 loading class org/apache/xerces/dom/ProcessingInstructionImpl
Event: 37.052 loading class org/apache/xerces/dom/ProcessingInstructionImpl done


Dynamic libraries:
0x00007ff7d28b0000 - 0x00007ff7d28e7000 	C:\Program Files\Java\jre1.8.0_131\bin\javaw.exe
0x00007ffb9bcc0000 - 0x00007ffb9beb0000 	C:\WINDOWS\SYSTEM32\ntdll.dll
0x00007ffb9ba20000 - 0x00007ffb9bad2000 	C:\WINDOWS\System32\KERNEL32.DLL
0x00007ffb98fa0000 - 0x00007ffb99245000 	C:\WINDOWS\System32\KERNELBASE.dll
0x00007ffb9a950000 - 0x00007ffb9a9f3000 	C:\WINDOWS\System32\ADVAPI32.dll
0x00007ffb9a310000 - 0x00007ffb9a3ae000 	C:\WINDOWS\System32\msvcrt.dll
0x00007ffb9a5a0000 - 0x00007ffb9a637000 	C:\WINDOWS\System32\sechost.dll
0x00007ffb9a480000 - 0x00007ffb9a59f000 	C:\WINDOWS\System32\RPCRT4.dll
0x00007ffb9b0a0000 - 0x00007ffb9b234000 	C:\WINDOWS\System32\USER32.dll
0x00007ffb99d40000 - 0x00007ffb99d61000 	C:\WINDOWS\System32\win32u.dll
0x00007ffb9bc20000 - 0x00007ffb9bc46000 	C:\WINDOWS\System32\GDI32.dll
0x00007ffb99ba0000 - 0x00007ffb99d38000 	C:\WINDOWS\System32\gdi32full.dll
0x00007ffb999d0000 - 0x00007ffb99a6e000 	C:\WINDOWS\System32\msvcp_win.dll
0x00007ffb98ea0000 - 0x00007ffb98f9a000 	C:\WINDOWS\System32\ucrtbase.dll
0x00007ffb96c60000 - 0x00007ffb96ee4000 	C:\WINDOWS\WinSxS\amd64_microsoft.windows.common-controls_6595b64144ccf1df_6.0.18362.1316_none_9e7a364fe461dbd7\COMCTL32.dll
0x00007ffb99ef0000 - 0x00007ffb9a227000 	C:\WINDOWS\System32\combase.dll
0x00007ffb98c40000 - 0x00007ffb98cc1000 	C:\WINDOWS\System32\bcryptPrimitives.dll
0x00007ffb9bc50000 - 0x00007ffb9bc7e000 	C:\WINDOWS\System32\IMM32.DLL
0x00000000009b0000 - 0x00000000009c2000 	C:\WINDOWS\System32\umppc13008.dll
0x00007ffb98a10000 - 0x00007ffb98a48000 	C:\Program Files\Citrix\System32\MfApHook64.dll
0x00007ffb98950000 - 0x00007ffb98962000 	C:\Program Files\Citrix\IcaService\FullScreenHook64.dll
0x00007ffb98890000 - 0x00007ffb98929000 	C:\WINDOWS\SYSTEM32\MSVCP140.dll
0x00007ffb98930000 - 0x00007ffb98947000 	C:\WINDOWS\SYSTEM32\VCRUNTIME140.dll
0x00007ffb981c0000 - 0x00007ffb981ea000 	C:\Program Files\Citrix\ICAService\ShellHook64.dll
0x00007ffb9af40000 - 0x00007ffb9af92000 	C:\WINDOWS\System32\SHLWAPI.dll
0x00007ffb981f0000 - 0x00007ffb982fa000 	C:\Program Files\Citrix\IcaService\SCardHook64.dll
0x00007ffb97d40000 - 0x00007ffb97d60000 	C:\Program Files\Citrix\ICAService\cxinjime64.dll
0x00000000553e0000 - 0x00000000554b2000 	C:\Program Files\Java\jre1.8.0_131\bin\msvcr100.dll
0x0000000054b40000 - 0x00000000553dc000 	C:\Program Files\Java\jre1.8.0_131\bin\server\jvm.dll
0x00007ffb9a470000 - 0x00007ffb9a478000 	C:\WINDOWS\System32\PSAPI.DLL
0x00007ffb88520000 - 0x00007ffb88529000 	C:\WINDOWS\SYSTEM32\WSOCK32.dll
0x00007ffb9b240000 - 0x00007ffb9b2af000 	C:\WINDOWS\System32\WS2_32.dll
0x00007ffb90f70000 - 0x00007ffb90f94000 	C:\WINDOWS\SYSTEM32\WINMM.dll
0x00007ffb98800000 - 0x00007ffb9880a000 	C:\WINDOWS\SYSTEM32\VERSION.dll
0x00007ffb90910000 - 0x00007ffb9093d000 	C:\WINDOWS\SYSTEM32\WINMMBASE.dll
0x00007ffb99a70000 - 0x00007ffb99aba000 	C:\WINDOWS\System32\cfgmgr32.dll
0x0000000054b30000 - 0x0000000054b3f000 	C:\Program Files\Java\jre1.8.0_131\bin\verify.dll
0x0000000054b00000 - 0x0000000054b29000 	C:\Program Files\Java\jre1.8.0_131\bin\java.dll
0x0000000054ae0000 - 0x0000000054af6000 	C:\Program Files\Java\jre1.8.0_131\bin\zip.dll
0x00007ffb9b330000 - 0x00007ffb9ba18000 	C:\WINDOWS\System32\SHELL32.dll
0x00007ffb99e40000 - 0x00007ffb99ee7000 	C:\WINDOWS\System32\shcore.dll
0x00007ffb99250000 - 0x00007ffb999cb000 	C:\WINDOWS\System32\windows.storage.dll
0x00007ffb98b80000 - 0x00007ffb98ba3000 	C:\WINDOWS\System32\profapi.dll
0x00007ffb98bd0000 - 0x00007ffb98c1a000 	C:\WINDOWS\System32\powrprof.dll
0x00007ffb98b70000 - 0x00007ffb98b80000 	C:\WINDOWS\System32\UMPDC.dll
0x00007ffb98c20000 - 0x00007ffb98c31000 	C:\WINDOWS\System32\kernel.appcore.dll
0x00007ffb98cd0000 - 0x00007ffb98ce7000 	C:\WINDOWS\System32\cryptsp.dll
0x00000000549a0000 - 0x00000000549ad000 	C:\Program Files\Java\jre1.8.0_131\bin\management.dll
0x0000000054ac0000 - 0x0000000054ada000 	C:\Program Files\Java\jre1.8.0_131\bin\net.dll
0x00007ffb97a90000 - 0x00007ffb97af7000 	C:\WINDOWS\system32\mswsock.dll
0x0000000054aa0000 - 0x0000000054ab1000 	C:\Program Files\Java\jre1.8.0_131\bin\nio.dll
0x00007ffb977e0000 - 0x00007ffb978ab000 	C:\WINDOWS\SYSTEM32\DNSAPI.dll
0x00007ffb9afa0000 - 0x00007ffb9afa8000 	C:\WINDOWS\System32\NSI.dll
0x00007ffb977a0000 - 0x00007ffb977da000 	C:\WINDOWS\SYSTEM32\IPHLPAPI.DLL
0x00007ffb90580000 - 0x00007ffb9058a000 	C:\Windows\System32\rasadhlp.dll
0x00007ffb93cd0000 - 0x00007ffb93d47000 	C:\WINDOWS\System32\fwpuclnt.dll
0x00007ffb99ac0000 - 0x00007ffb99ae6000 	C:\WINDOWS\System32\bcrypt.dll
0x00007ffb8ac80000 - 0x00007ffb8ac96000 	C:\WINDOWS\system32\napinsp.dll
0x00007ffb8aca0000 - 0x00007ffb8acba000 	C:\WINDOWS\system32\pnrpnsp.dll
0x00007ffb8ae30000 - 0x00007ffb8ae3e000 	C:\WINDOWS\System32\winrnr.dll
0x00007ffb935e0000 - 0x00007ffb935fc000 	C:\WINDOWS\system32\NLAapi.dll
0x00007ffb8ab50000 - 0x00007ffb8ab65000 	C:\WINDOWS\system32\wshbth.dll
0x0000000054a70000 - 0x0000000054a94000 	C:\Program Files\Java\jre1.8.0_131\bin\sunec.dll
0x00007ffb93f50000 - 0x00007ffb93f66000 	C:\WINDOWS\SYSTEM32\dhcpcsvc6.DLL
0x00007ffb93a10000 - 0x00007ffb93a2c000 	C:\WINDOWS\SYSTEM32\dhcpcsvc.DLL
0x00007ffb97610000 - 0x00007ffb97643000 	C:\WINDOWS\system32\rsaenh.dll
0x00007ffb98a90000 - 0x00007ffb98ab5000 	C:\WINDOWS\SYSTEM32\USERENV.dll
0x00007ffb98330000 - 0x00007ffb9833c000 	C:\WINDOWS\SYSTEM32\CRYPTBASE.dll

VM Arguments:
jvm_args: -Xms1024M -Xmx2048M -Dfile.encoding=Cp1252 
java_command: DCShipConfirm
java_class_path (initial): C:\Users\SMaiti\Downloads\DCShipconfirm\DC_ShipConfirm\bin;C:\Users\SMaiti\OneDrive - Williams-Sonoma Inc\Desktop\DC_ShipConfirm_New\poi-bin-3.17-20170915.tar\poi-bin-3.17-20170915\poi-3.17\poi-3.17.jar;C:\Users\SMaiti\OneDrive - Williams-Sonoma Inc\Desktop\DC_ShipConfirm_New\poi-bin-3.17-20170915.tar\poi-bin-3.17-20170915\poi-3.17\poi-examples-3.17.jar;C:\Users\SMaiti\OneDrive - Williams-Sonoma Inc\Desktop\DC_ShipConfirm_New\poi-bin-3.17-20170915.tar\poi-bin-3.17-20170915\poi-3.17\poi-excelant-3.17.jar;C:\Users\SMaiti\OneDrive - Williams-Sonoma Inc\Desktop\DC_ShipConfirm_New\poi-bin-3.17-20170915.tar\poi-bin-3.17-20170915\poi-3.17\poi-ooxml-3.17.jar;C:\Users\SMaiti\OneDrive - Williams-Sonoma Inc\Desktop\DC_ShipConfirm_New\poi-bin-3.17-20170915.tar\poi-bin-3.17-20170915\poi-3.17\poi-ooxml-schemas-3.17.jar;C:\Users\SMaiti\OneDrive - Williams-Sonoma Inc\Desktop\DC_ShipConfirm_New\poi-bin-3.17-20170915.tar\poi-bin-3.17-20170915\poi-3.17\poi-scratchpad-3.17.jar;C:\Users\SMaiti\OneDrive - Williams-Sonoma Inc\Desktop\DC_ShipConfirm_New\poi-bin-3.17-20170915.tar\poi-bin-3.17-20170915\poi-3.17\xmlbeans-2.4.0.jar;C:\Users\SMaiti\OneDrive - Williams-Sonoma Inc\Desktop\DC_ShipConfirm_New\poi-bin-3.17-20170915.tar\poi-bin-3.17-20170915\poi-3.17\ooxml-lib\curvesapi-1.04.jar;C:\Users\SMaiti\OneDrive - Williams-Sonoma Inc\Desktop\DC_ShipConfirm_New\poi-bin-3.17-20170915.tar\poi-bin-3.17-20170915\poi-3.17\ooxml-lib\xmlbeans-2.6.0.jar;C:\Users\SMaiti\Downloads\Required JAR (1)\Required JAR\Jars\ant.jar;C:\Users\SMaiti\Downloads\Required JAR (1)\Required JAR\Jars\antinstaller.jar;C:\Users\SMaiti\Downloads\Required JAR (1)\Required JAR\Jars\ant-junit.jar;C:\Users\SMaiti\Downloads\Required JAR (1)\Required JAR\Jars\ant-launcher.jar;C:\Users\SMaiti\Downloads\Required JAR (1)\Required JAR\Jars\ant-nodeps.jar;C:\Users\SMaiti\Downloads\Required JAR (1)\Required JAR\Jars\appcommon_ui.jar;C:\Users\SMaiti\Downloads\Required JAR (1)\Required JAR\Jars\avalon-framewo
Launcher Type: SUN_STANDARD

Environment Variables:
JAVA_HOME=C:\Program Files (x86)\Java\jre1.8.0_161\bin
CLASSPATH=C:\tibco513\tibrv\8.4\lib\tibrvnative.jar;C:\Program Files\Teradata\Client\16.20\bin\;C:\Program Files\Teradata\Client\16.20\bin\jmsam.jar;C:\Program Files (x86)\Teradata\Client\16.20\bin\;C:\Program Files (x86)\Teradata\Client\16.20\bin\jmsam.jar
USERNAME=SMaiti
LD_LIBRARY_PATH=C:\Oracle\Middleware\Oracle_FRHome1\lib
OS=Windows_NT
PROCESSOR_IDENTIFIER=Intel64 Family 6 Model 85 Stepping 4, GenuineIntel



---------------  S Y S T E M  ---------------

OS: Windows 10.0 , 64 bit Build 18362 (10.0.18362.1316)

CPU:total 2 (initial active 2) (1 cores per cpu, 1 threads per core) family 6 model 85 stepping 4, cmov, cx8, fxsr, mmx, sse, sse2, sse3, ssse3, sse4.1, sse4.2, popcnt, avx, avx2, aes, clmul, erms, rtm, 3dnowpref, lzcnt, tsc, tscinvbit, bmi1, bmi2, adx

Memory: 4k page, physical 8388040k(220552k free), swap 10485192k(2084k free)

vm_info: Java HotSpot(TM) 64-Bit Server VM (25.131-b11) for windows-amd64 JRE (1.8.0_131-b11), built on Mar 15 2017 01:23:53 by "java_re" with MS VC++ 10.0 (VS2010)

time: Fri Mar 12 15:57:16 2021
elapsed time: 37 seconds (0d 0h 0m 37s)

