#
# There is insufficient memory for the Java Runtime Environment to continue.
# Native memory allocation (malloc) failed to allocate 1048576 bytes for AllocateHeap
# Possible reasons:
#   The system is out of physical RAM or swap space
#   The process is running with CompressedOops enabled, and the Java Heap may be blocking the growth of the native heap
# Possible solutions:
#   Reduce memory load on the system
#   Increase physical memory or swap space
#   Check if swap backing store is full
#   Decrease Java heap size (-Xmx/-Xms)
#   Decrease number of Java threads
#   Decrease Java thread stack sizes (-Xss)
#   Set larger code cache with -XX:ReservedCodeCacheSize=
#   JVM is running with Unscaled Compressed Oops mode in which the Java heap is
#     placed in the first 4GB address space. The Java Heap base address is the
#     maximum limit for the native heap growth. Please use -XX:HeapBaseMinAddress
#     to set the Java Heap base and to place the Java Heap above 4GB virtual address.
# This output file may be truncated or incomplete.
#
#  Out of Memory Error (memory/allocation.inline.hpp:61), pid=7416, tid=0x0000000000000b1c
#
# JRE version:  (8.0_402-b06) (build )
# Java VM: OpenJDK 64-Bit Server VM (25.402-b06 mixed mode windows-amd64 compressed oops)
# Failed to write core dump. Minidumps are not enabled by default on client versions of Windows
#

---------------  T H R E A D  ---------------

Current thread (0x0000014ffdae4800):  JavaThread "Unknown thread" [_thread_in_vm, id=2844, stack(0x0000003195500000,0x0000003195600000)]

Stack: [0x0000003195500000,0x0000003195600000]
[error occurred during error reporting (printing stack bounds), id 0xc0000005]

Native frames: (J=compiled Java code, j=interpreted, Vv=VM code, C=native code)


---------------  P R O C E S S  ---------------

Java Threads: ( => current thread )

Other Threads:

=>0x0000014ffdae4800 (exited) JavaThread "Unknown thread" [_thread_in_vm, id=2844, stack(0x0000003195500000,0x0000003195600000)]

VM state:not at safepoint (normal execution)

VM Mutex/Monitor currently owned by a thread: None

heap address: 0x0000000080000000, size: 2048 MB, Compressed Oops mode: 32-bit
Narrow klass base: 0x0000000000000000, Narrow klass shift: 3
Compressed class space size: 1073741824 Address: 0x0000000100000000

Heap:
 PSYoungGen      total 38400K, used 665K [0x00000000d5580000, 0x00000000d8000000, 0x0000000100000000)
  eden space 33280K, 2% used [0x00000000d5580000,0x00000000d5626670,0x00000000d7600000)
  from space 5120K, 0% used [0x00000000d7b00000,0x00000000d7b00000,0x00000000d8000000)
  to   space 5120K, 0% used [0x00000000d7600000,0x00000000d7600000,0x00000000d7b00000)
 ParOldGen       total 87552K, used 0K [0x0000000080000000, 0x0000000085580000, 0x00000000d5580000)
  object space 87552K, 0% used [0x0000000080000000,0x0000000080000000,0x0000000085580000)
 Metaspace       used 779K, capacity 4480K, committed 4480K, reserved 1056768K
  class space    used 76K, capacity 384K, committed 384K, reserved 1048576K

Card table byte_map: [0x0000014fff920000,0x0000014fffd30000] byte_map_base: 0x0000014fff520000

Marking Bits: (ParMarkBitMap*) 0x0000000067b70850
 Begin Bits: [0x0000014f8f000000, 0x0000014f91000000)
 End Bits:   [0x0000014f91000000, 0x0000014f93000000)

Polling page: 0x0000014ffda10000

CodeCache: size=245760Kb used=328Kb max_used=328Kb free=245431Kb
 bounds [0x0000014f80000000, 0x0000014f80270000, 0x0000014f8f000000]
 total_blobs=57 nmethods=0 adapters=38
 compilation: enabled

Compilation events (0 events):
No events

GC Heap History (0 events):
No events

Deoptimization events (0 events):
No events

Classes redefined (0 events):
No events

Internal exceptions (0 events):
No events

Events (10 events):
Event: 0.029 loading class java/lang/Short
Event: 0.030 loading class java/lang/Short done
Event: 0.030 loading class java/lang/Integer
Event: 0.030 loading class java/lang/Integer done
Event: 0.030 loading class java/lang/Long
Event: 0.030 loading class java/lang/Long done
Event: 0.031 loading class java/lang/NullPointerException
Event: 0.031 loading class java/lang/NullPointerException done
Event: 0.031 loading class java/lang/ArithmeticException
Event: 0.031 loading class java/lang/ArithmeticException done


Dynamic libraries:
0x00007ff7f7750000 - 0x00007ff7f77a1000 	C:\Program Files\Eclipse Adoptium\jdk-8.0.402.6-hotspot\bin\javaw.exe
0x00007ffe4fb70000 - 0x00007ffe4fd68000 	C:\WINDOWS\SYSTEM32\ntdll.dll
0x00007ffe4dc40000 - 0x00007ffe4dcfd000 	C:\WINDOWS\System32\KERNEL32.DLL
0x00007ffe4d620000 - 0x00007ffe4d916000 	C:\WINDOWS\System32\KERNELBASE.dll
0x00007ffe4f340000 - 0x00007ffe4f3f0000 	C:\WINDOWS\System32\ADVAPI32.dll
0x00007ffe4dba0000 - 0x00007ffe4dc3e000 	C:\WINDOWS\System32\msvcrt.dll
0x00007ffe4efc0000 - 0x00007ffe4f060000 	C:\WINDOWS\System32\sechost.dll
0x00007ffe4def0000 - 0x00007ffe4e015000 	C:\WINDOWS\System32\RPCRT4.dll
0x00007ffe4da80000 - 0x00007ffe4daa7000 	C:\WINDOWS\System32\bcrypt.dll
0x00007ffe4f0c0000 - 0x00007ffe4f25e000 	C:\WINDOWS\System32\USER32.dll
0x00007ffe4d4f0000 - 0x00007ffe4d512000 	C:\WINDOWS\System32\win32u.dll
0x00007ffe4e3d0000 - 0x00007ffe4e3fb000 	C:\WINDOWS\System32\GDI32.dll
0x00007ffe4d3d0000 - 0x00007ffe4d4e7000 	C:\WINDOWS\System32\gdi32full.dll
0x00007ffe4dab0000 - 0x00007ffe4db4d000 	C:\WINDOWS\System32\msvcp_win.dll
0x00007ffe4d520000 - 0x00007ffe4d620000 	C:\WINDOWS\System32\ucrtbase.dll
0x00007ffe4b220000 - 0x00007ffe4b4ba000 	C:\WINDOWS\WinSxS\amd64_microsoft.windows.common-controls_6595b64144ccf1df_6.0.19041.3636_none_60b6a03d71f818d5\COMCTL32.dll
0x00007ffe4dd10000 - 0x00007ffe4dd42000 	C:\WINDOWS\System32\IMM32.DLL
0x0000014ffdc10000 - 0x0000014ffdc24000 	C:\WINDOWS\System32\umppc18011.dll
0x0000014ffdc40000 - 0x0000014ffdc52000 	C:\WINDOWS\System32\CsXumd64_18011.dll
0x00007ffe4d020000 - 0x00007ffe4d058000 	C:\Program Files\Citrix\System32\MfApHook64.dll
0x00007ffe4cf50000 - 0x00007ffe4cf62000 	C:\Program Files\Citrix\IcaService\FullScreenHook64.dll
0x00007ffdd61c0000 - 0x00007ffdd625b000 	C:\Program Files\Eclipse Adoptium\jdk-8.0.402.6-hotspot\bin\MSVCP140.dll
0x00007ffe258b0000 - 0x00007ffe258c5000 	C:\Program Files\Eclipse Adoptium\jdk-8.0.402.6-hotspot\bin\VCRUNTIME140.dll
0x00007ffe4ca70000 - 0x00007ffe4ca9a000 	C:\Program Files\Citrix\ICAService\ShellHook64.dll
0x00007ffe4e1c0000 - 0x00007ffe4e215000 	C:\WINDOWS\System32\SHLWAPI.dll
0x00007ffe4c930000 - 0x00007ffe4ca3f000 	C:\Program Files\Citrix\IcaService\SCardHook64.dll
0x00007ffe4c8a0000 - 0x00007ffe4c8c0000 	C:\Program Files\Citrix\ICAService\cxinjime64.dll
0x00007ffe4c870000 - 0x00007ffe4c89d000 	C:\Program Files\Citrix\ICAService\PicaWtsHook64.dll
0x00007ffe1b2d0000 - 0x00007ffe1b2e5000 	C:\Program Files\Eclipse Adoptium\jdk-8.0.402.6-hotspot\jre\bin\vcruntime140.dll
0x00007ffdd6120000 - 0x00007ffdd61bb000 	C:\Program Files\Eclipse Adoptium\jdk-8.0.402.6-hotspot\jre\bin\msvcp140.dll
0x0000000067390000 - 0x0000000067be9000 	C:\Program Files\Eclipse Adoptium\jdk-8.0.402.6-hotspot\jre\bin\server\jvm.dll
0x00007ffe4e400000 - 0x00007ffe4e408000 	C:\WINDOWS\System32\PSAPI.DLL
0x00007ffe37f70000 - 0x00007ffe37f79000 	C:\WINDOWS\SYSTEM32\WSOCK32.dll
0x00007ffe4f990000 - 0x00007ffe4f9fb000 	C:\WINDOWS\System32\WS2_32.dll
0x00007ffe42f60000 - 0x00007ffe42f87000 	C:\WINDOWS\SYSTEM32\WINMM.dll
0x00007ffe4ce00000 - 0x00007ffe4ce0a000 	C:\WINDOWS\SYSTEM32\VERSION.dll
0x00007ffe4b0f0000 - 0x00007ffe4b102000 	C:\WINDOWS\SYSTEM32\kernel.appcore.dll
0x00007ffe394a0000 - 0x00007ffe394b0000 	C:\Program Files\Eclipse Adoptium\jdk-8.0.402.6-hotspot\jre\bin\verify.dll
0x00007ffdd6e20000 - 0x00007ffdd6e4b000 	C:\Program Files\Eclipse Adoptium\jdk-8.0.402.6-hotspot\jre\bin\java.dll
0x00007ffe0c180000 - 0x00007ffe0c198000 	C:\Program Files\Eclipse Adoptium\jdk-8.0.402.6-hotspot\jre\bin\zip.dll

VM Arguments:
jvm_args: -Dfile.encoding=Cp1252 
java_command: com.main.CheckAndTriggerBothApi
java_class_path (initial): C:\Users\jpradhan\OneDrive - Williams-Sonoma Inc\Documents\workspace\RJ_GMTP_Adhoc_Automation\bin;C:\Users\jpradhan\OneDrive - Williams-Sonoma Inc\Documents\Required JAR\POI\commons-collections4-4.1.jar;C:\Users\jpradhan\OneDrive - Williams-Sonoma Inc\Documents\Required JAR\POI\poi-bin-3.17-20170915.tar\poi-bin-3.17-20170915\xmlbeans-2.4.0.jar;C:\Users\jpradhan\OneDrive - Williams-Sonoma Inc\Documents\Required JAR\POI\poi-bin-3.17-20170915.tar\poi-bin-3.17-20170915\poi-3.17\poi-3.17.jar;C:\Users\jpradhan\OneDrive - Williams-Sonoma Inc\Documents\Required JAR\POI\poi-bin-3.17-20170915.tar\poi-bin-3.17-20170915\poi-3.17\poi-examples-3.17.jar;C:\Users\jpradhan\OneDrive - Williams-Sonoma Inc\Documents\Required JAR\POI\poi-bin-3.17-20170915.tar\poi-bin-3.17-20170915\poi-3.17\poi-excelant-3.17.jar;C:\Users\jpradhan\OneDrive - Williams-Sonoma Inc\Documents\Required JAR\POI\poi-bin-3.17-20170915.tar\poi-bin-3.17-20170915\poi-3.17\poi-ooxml-3.17.jar;C:\Users\jpradhan\OneDrive - Williams-Sonoma Inc\Documents\Required JAR\POI\poi-bin-3.17-20170915.tar\poi-bin-3.17-20170915\poi-3.17\poi-ooxml-schemas-3.17.jar;C:\Users\jpradhan\OneDrive - Williams-Sonoma Inc\Documents\Required JAR\POI\poi-bin-3.17-20170915.tar\poi-bin-3.17-20170915\poi-3.17\poi-scratchpad-3.17.jar;C:\Users\jpradhan\OneDrive - Williams-Sonoma Inc\Documents\Required JAR\POI\poi-bin-3.17-20170915.tar\poi-bin-3.17-20170915\poi-3.17\xmlbeans-2.4.0.jar;C:\Users\jpradhan\OneDrive - Williams-Sonoma Inc\Documents\Required JAR\POI\poi-bin-3.17-20170915.tar\poi-bin-3.17-20170915\poi-3.17\ooxml-lib\curvesapi-1.04.jar;C:\Users\jpradhan\OneDrive - Williams-Sonoma Inc\Documents\Required JAR\POI\poi-bin-3.17-20170915.tar\poi-bin-3.17-20170915\poi-3.17\ooxml-lib\xmlbeans-2.6.0.jar;C:\Users\jpradhan\OneDrive - Williams-Sonoma Inc\Documents\Required JAR\POI\poi-bin-3.17-20170915.tar\poi-bin-3.17-20170915\poi-3.17\lib\commons-codec-1.10.jar;C:\Users\jpradhan\OneDrive - Williams-Sonoma Inc\Documents\Requi
Launcher Type: SUN_STANDARD

Environment Variables:
JAVA_HOME=C:\Program Files\Eclipse Adoptium\jdk-8.0.402.6-hotspot\
CLASSPATH=C:\tibco513\tibrv\8.4\lib\tibrvnative.jar;C:\Program Files\Teradata\Client\16.20\bin\;C:\Program Files\Teradata\Client\16.20\bin\jmsam.jar;C:\Program Files (x86)\Teradata\Client\16.20\bin\;C:\Program Files (x86)\Teradata\Client\16.20\bin\jmsam.jar
USERNAME=jpradhan
LD_LIBRARY_PATH=C:\Oracle\Middleware\Oracle_FRHome1\lib
OS=Windows_NT
PROCESSOR_IDENTIFIER=Intel64 Family 6 Model 85 Stepping 4, GenuineIntel



---------------  S Y S T E M  ---------------

OS: Windows 10 , 64 bit Build 19041 (10.0.19041.3636)

CPU:total 2 (initial active 2) (1 cores per cpu, 1 threads per core) family 6 model 85 stepping 4, cmov, cx8, fxsr, mmx, sse, sse2, sse3, ssse3, sse4.1, sse4.2, popcnt, avx, avx2, aes, clmul, erms, 3dnowpref, lzcnt, tsc, tscinvbit, bmi1, bmi2, adx

Memory: 4k page, physical 8388040k(1023540k free), swap 10485192k(5876k free)

vm_info: OpenJDK 64-Bit Server VM (25.402-b06) for windows-amd64 JRE (1.8.0_402-b06), built on Jan 16 2024 21:53:06 by "jenkins" with MS VC++ 15.9 (VS2017)

time: Thu Jun  6 15:47:10 2024
timezone: India Standard Time
elapsed time: 0.093236 seconds (0d 0h 0m 0s)

